<?xml version="1.0" encoding="UTF-8"?>
<testng-results skipped="0" failed="0" ignored="0" total="1" passed="1">
  <reporter-output>
  </reporter-output>
  <suite name="Suite" duration-ms="12754" started-at="2019-02-26T05:44:01Z" finished-at="2019-02-26T05:44:13Z">
    <groups>
    </groups>
    <test name="Test" duration-ms="12754" started-at="2019-02-26T05:44:01Z" finished-at="2019-02-26T05:44:13Z">
      <class name="mohan1.test">
        <test-method status="PASS" signature="test1()[pri:0, instance:mohan1.test@64616ca2]" name="test1" duration-ms="12722" started-at="2019-02-26T05:44:01Z" finished-at="2019-02-26T05:44:13Z">
          <reporter-output>
          </reporter-output>
        </test-method> <!-- test1 -->
      </class> <!-- mohan1.test -->
    </test> <!-- Test -->
  </suite> <!-- Suite -->
</testng-results>
